[14:40:17] [ServerMain/INFO]: Environment: Environment[sessionHost=https://sessionserver.mojang.com, servicesHost=https://api.minecraftservices.com, name=PROD]
[14:40:19] [ServerMain/INFO]: Loaded 1290 recipes
[14:40:20] [ServerMain/INFO]: Loaded 1399 advancements
[14:40:20] [Server thread/INFO]: Starting minecraft server version 1.21.1
[14:40:20] [Server thread/INFO]: Loading properties
[14:40:20] [Server thread/INFO]: Default game type: SURVIVAL
[14:40:20] [Server thread/INFO]: Generating keypair
[14:40:20] [Server thread/INFO]: Starting Minecraft server on *:25565
[14:40:20] [Server thread/INFO]: Using epoll channel type
[14:40:20] [Server thread/WARN]: **** SERVER IS RUNNING IN OFFLINE/INSECURE MODE!
[14:40:20] [Server thread/WARN]: The server will make no attempt to authenticate usernames. Beware.
[14:40:20] [Server thread/WARN]: While this makes the game possible to play without internet access, it also opens up the ability for hackers to connect with any username they choose.
[14:40:20] [Server thread/WARN]: To change this, set "online-mode" to "true" in the server.properties file.
[14:40:20] [Server thread/INFO]: Preparing level "world"
[14:40:24] [Server thread/INFO]: Preparing start region for dimension minecraft:overworld
[14:40:24] [Worker-Main-1/INFO]: Preparing spawn area: 0%
[14:40:24] [Server thread/INFO]: Time elapsed: 465 ms
[14:40:24] [Server thread/INFO]: Done (3.515s)! For help, type "help"
[14:41:39] [Server thread/INFO]: Noxxx[/127.23.41.72:59281] logged in with entity id 3 at (177.67520717737358, 62.11076431274413, 1789.4993260330268)
[14:41:39] [Server thread/INFO]: Noxxx joined the game
[14:42:18] [Server thread/WARN]: Noxxx moved too quickly! 9.991978042400149,1.2508673611415873,-1.6825452986449818
[14:56:32] [Server thread/WARN]: Noxxx moved too quickly! -5.713568156664735,4.0,-7.254103524100628
